<?xml version="1.0" encoding="UTF-8"?>
<!-- Generated by org.testng.reporters.JUnitReportReporter -->
<testsuite hostname="Priya" failures="0" tests="3" name="com.example.api.ApiTest" time="3.324" errors="0" timestamp="2025-04-07T19:57:29 EDT" skipped="0">
  <testcase classname="com.example.api.ApiTest" name="testAllPosts" time="2.666"/>
  <system-out/>
  <testcase classname="com.example.api.ApiTest" name="testPostRequest" time="0.371"/>
  <system-out/>
  <testcase classname="com.example.api.ApiTest" name="testGetRequest" time="0.287"/>
  <system-out/>
</testsuite> <!-- com.example.api.ApiTest -->
