<?xml version="1.0" encoding="UTF-8"?>
<!-- Generated by org.testng.reporters.JUnitReportReporter -->
<testsuite hostname="Priya" failures="0" tests="3" name="com.example.api.ApiTest" time="2.740" errors="0" timestamp="2025-04-06T19:46:06 EDT" skipped="0">
  <testcase classname="com.example.api.ApiTest" name="testPostRequest" time="0.134"/>
  <system-out/>
  <testcase classname="com.example.api.ApiTest" name="testAllPosts" time="2.550"/>
  <system-out/>
  <testcase classname="com.example.api.ApiTest" name="testGetRequest" time="0.056"/>
  <system-out/>
</testsuite> <!-- com.example.api.ApiTest -->
